0 info it worked if it ends with ok
1 verbose cli [ 'c:\\Program Files\\nodejs\\node.exe',
1 verbose cli   'c:\\Program Files\\nodejs\\node_modules\\npm\\bin\\npm-cli.js',
1 verbose cli   'update' ]
2 info using npm@1.4.28
3 info using node@v0.10.33
4 info outdated updating undefined
5 error Failed to parse json
5 error Unexpected token }
6 error File: C:\projetos\OpenSource\css-components\package.json
7 error Failed to parse package.json data.
7 error package.json must be actual JSON, not just JavaScript.
7 error
7 error This is not a bug in npm.
7 error Tell the package author to fix their package.json file. JSON.parse
8 error System Windows_NT 6.2.9200
9 error command "c:\\Program Files\\nodejs\\node.exe" "c:\\Program Files\\nodejs\\node_modules\\npm\\bin\\npm-cli.js" "update"
10 error cwd C:\projetos\OpenSource\css-components
11 error node -v v0.10.33
12 error npm -v 1.4.28
13 error file C:\projetos\OpenSource\css-components\package.json
14 error code EJSONPARSE
15 verbose exit [ 1, true ]
